
Showing logs for build [32mcb-kubecd-environment-pr-1425-8-qdh7m-1[0m stage [32mfrom-build-pack[0m and container [32mstep-credential-initializer-vfj75[0m
{"level":"info","ts":1587460326.5109527,"logger":"fallback-logger","caller":"logging/config.go:69","msg":"Fetch GitHub commit ID from kodata failed: open /var/run/ko/refs/heads/0.8.0-ns-support: no such file or directory"}
{"level":"info","ts":1587460326.5116646,"logger":"fallback-logger","caller":"creds-init/main.go:40","msg":"Credentials initialized."}

Showing logs for build [32mcb-kubecd-environment-pr-1425-8-qdh7m-1[0m stage [32mfrom-build-pack[0m and container [32mstep-working-dir-initializer-jrs4z[0m
{"level":"info","ts":1587460328.0206811,"logger":"fallback-logger","caller":"logging/config.go:69","msg":"Fetch GitHub commit ID from kodata failed: open /var/run/ko/HEAD: no such file or directory"}
{"level":"info","ts":1587460328.0221872,"logger":"fallback-logger","caller":"bash/main.go:64","msg":"Successfully executed command \"sh -c mkdir -p /workspace/source\"; output "}

Showing logs for build [32mcb-kubecd-environment-pr-1425-8-qdh7m-1[0m stage [32mfrom-build-pack[0m and container [32mstep-place-tools[0m

Showing logs for build [32mcb-kubecd-environment-pr-1425-8-qdh7m-1[0m stage [32mfrom-build-pack[0m and container [32mstep-git-source-cb-kubecd-environment-pr-1425-8-qdh7m-rzhv5[0m
{"level":"info","ts":1587460333.304402,"logger":"fallback-logger","caller":"logging/config.go:69","msg":"Fetch GitHub commit ID from kodata failed: open /var/run/ko/refs/heads/0.8.0-ns-support: no such file or directory"}
{"level":"info","ts":1587460334.3300786,"logger":"fallback-logger","caller":"git/git.go:103","msg":"Successfully cloned https://github.com/cb-kubecd/environment-pr-1425-8-bdd-frontend-staging.git @ master in path /workspace/source"}

Showing logs for build [32mcb-kubecd-environment-pr-1425-8-qdh7m-1[0m stage [32mfrom-build-pack[0m and container [32mstep-git-merge[0m
Using SHAs from PULL_REFS=master:00edec345f7d5fbb37acdcf652124bae1ccbb7b6,1:d381bce0c8c1f4ace53353c136b844dcee99664a
DEBUG: LC_ALL=C JX_LOG_LEVEL=error git fetch origin --unshallow d381bce0c8c1f4ace53353c136b844dcee99664a: 00edec345f7d5fbb37acdcf652124bae1ccbb7b6:
DEBUG: ran git fetch --unshallow origin d381bce0c8c1f4ace53353c136b844dcee99664a: 00edec345f7d5fbb37acdcf652124bae1ccbb7b6: in 
DEBUG: LC_ALL=C JX_LOG_LEVEL=error git branch
DEBUG: JX_LOG_LEVEL=error LC_ALL=C git checkout master
DEBUG: ran git checkout master in 
DEBUG: LC_ALL=C JX_LOG_LEVEL=error git reset --hard 00edec345f7d5fbb37acdcf652124bae1ccbb7b6
DEBUG: ran git reset --hard 00edec345f7d5fbb37acdcf652124bae1ccbb7b6 in 
DEBUG: LC_ALL=C JX_LOG_LEVEL=error git clean -fd .
DEBUG: ran clean --force -d . in 
DEBUG: JX_LOG_LEVEL=error LC_ALL=C git merge d381bce0c8c1f4ace53353c136b844dcee99664a
DEBUG: ran git merge d381bce0c8c1f4ace53353c136b844dcee99664a in 
DEBUG: LC_ALL=C JX_LOG_LEVEL=error git log --format=%H%x1f%an%x1f%ae%x1f%cn%x1f%ce%x1f%s%n%b%x1e 00edec345f7d5fbb37acdcf652124bae1ccbb7b6..HEAD
Merged SHA d381bce0c8c1f4ace53353c136b844dcee99664a with commit message 'chore: Promote bdd-nh-1587459336 to version 0.0.1' into base branch master

Showing logs for build [32mcb-kubecd-environment-pr-1425-8-qdh7m-1[0m stage [32mfrom-build-pack[0m and container [32mstep-build-helm-build[0m
WARNING: No $CHART_REPOSITORY defined so using the default value of: http://jenkins-x-chartmuseum:8080
Adding missing Helm repo: storage.googleapis.com https://storage.googleapis.com/chartmuseum.jenkins-x.io
WARNING: No secrets found on "helm/repos" due: reading the secret "helm/repos" from vault: no secret "helm/repos" not found in vault
Read credentials for https://storage.googleapis.com/chartmuseum.jenkins-x.io from vault helm/repos
Successfully added Helm repository storage.googleapis.com.
Adding missing Helm repo: jenkins-x-chartmuseum http://jenkins-x-chartmuseum:8080
WARNING: No secrets found on "helm/repos" due: reading the secret "helm/repos" from vault: no secret "helm/repos" not found in vault
Read credentials for http://jenkins-x-chartmuseum:8080 from vault helm/repos
Successfully added Helm repository jenkins-x-chartmuseum.
WARNING: No $CHART_REPOSITORY defined so using the default value of: http://jenkins-x-chartmuseum:8080
Adding missing Helm repo: chartmuseum.jenkins-x.io http://chartmuseum.jenkins-x.io
WARNING: No secrets found on "helm/repos" due: reading the secret "helm/repos" from vault: no secret "helm/repos" not found in vault
Read credentials for http://chartmuseum.jenkins-x.io from vault helm/repos
Successfully added Helm repository chartmuseum.jenkins-x.io.
